0 info it worked if it ends with ok
1 verbose cli [ '/root/.nvm/versions/node/v5.0.0/bin/node',
1 verbose cli   '/root/.nvm/versions/node/v5.0.0/bin/npm',
1 verbose cli   'run',
1 verbose cli   'dev' ]
2 info using npm@3.3.6
3 info using node@v5.0.0
4 verbose stack Error: missing script: dev
4 verbose stack     at run (/root/.nvm/versions/node/v5.0.0/lib/node_modules/npm/lib/run-script.js:148:19)
4 verbose stack     at /root/.nvm/versions/node/v5.0.0/lib/node_modules/npm/lib/run-script.js:58:5
4 verbose stack     at /root/.nvm/versions/node/v5.0.0/lib/node_modules/npm/node_modules/read-package-json/read-json.js:345:5
4 verbose stack     at checkBinReferences_ (/root/.nvm/versions/node/v5.0.0/lib/node_modules/npm/node_modules/read-package-json/read-json.js:309:45)
4 verbose stack     at final (/root/.nvm/versions/node/v5.0.0/lib/node_modules/npm/node_modules/read-package-json/read-json.js:343:3)
4 verbose stack     at then (/root/.nvm/versions/node/v5.0.0/lib/node_modules/npm/node_modules/read-package-json/read-json.js:113:5)
4 verbose stack     at ReadFileContext.<anonymous> (/root/.nvm/versions/node/v5.0.0/lib/node_modules/npm/node_modules/read-package-json/read-json.js:284:20)
4 verbose stack     at ReadFileContext.callback (/root/.nvm/versions/node/v5.0.0/lib/node_modules/npm/node_modules/graceful-fs/graceful-fs.js:76:16)
4 verbose stack     at FSReqWrap.readFileAfterOpen [as oncomplete] (fs.js:324:13)
5 verbose cwd /root/Git-Repository/OJOBlog
6 error Linux 4.3.0-kali1-amd64
7 error argv "/root/.nvm/versions/node/v5.0.0/bin/node" "/root/.nvm/versions/node/v5.0.0/bin/npm" "run" "dev"
8 error node v5.0.0
9 error npm  v3.3.6
10 error missing script: dev
11 error If you need help, you may report this error at:
11 error     <https://github.com/npm/npm/issues>
12 verbose exit [ 1, true ]
